mode: set
github.com/skyrocket-qy/erx/code.go:15.31,17.2 1 1
github.com/skyrocket-qy/erx/env.go:5.38,7.2 1 0
github.com/skyrocket-qy/erx/erx.go:10.43,12.2 1 1
github.com/skyrocket-qy/erx/erx.go:14.56,16.2 1 1
github.com/skyrocket-qy/erx/erx.go:18.43,19.16 1 1
github.com/skyrocket-qy/erx/erx.go:19.16,21.3 1 1
github.com/skyrocket-qy/erx/erx.go:23.2,24.30 2 1
github.com/skyrocket-qy/erx/erx.go:24.30,30.3 1 1
github.com/skyrocket-qy/erx/erx.go:32.2,32.19 1 1
github.com/skyrocket-qy/erx/erx.go:32.19,34.3 1 0
github.com/skyrocket-qy/erx/erx.go:36.2,36.19 1 1
github.com/skyrocket-qy/erx/erx.go:36.19,39.10 3 1
github.com/skyrocket-qy/erx/erx.go:39.10,41.4 1 0
github.com/skyrocket-qy/erx/erx.go:43.3,45.37 2 1
github.com/skyrocket-qy/erx/erx.go:45.37,47.69 2 1
github.com/skyrocket-qy/erx/erx.go:47.69,49.10 2 1
github.com/skyrocket-qy/erx/erx.go:54.2,54.15 1 1
github.com/skyrocket-qy/erx/erx.go:57.45,63.19 2 1
github.com/skyrocket-qy/erx/erx.go:63.19,65.3 1 1
github.com/skyrocket-qy/erx/erx.go:67.2,67.15 1 1
github.com/skyrocket-qy/erx/erx.go:70.58,76.18 2 1
github.com/skyrocket-qy/erx/erx.go:76.18,78.3 1 1
github.com/skyrocket-qy/erx/erx.go:80.2,80.15 1 1
github.com/skyrocket-qy/erx/erx.go:83.65,87.25 3 1
github.com/skyrocket-qy/erx/erx.go:87.25,89.3 1 1
github.com/skyrocket-qy/erx/erx.go:91.2,95.6 3 1
github.com/skyrocket-qy/erx/erx.go:95.6,103.12 3 1
github.com/skyrocket-qy/erx/erx.go:103.12,104.9 1 1
github.com/skyrocket-qy/erx/erx.go:108.2,108.20 1 1
github.com/skyrocket-qy/erx/erx.go:111.32,112.16 1 1
github.com/skyrocket-qy/erx/erx.go:112.16,114.3 1 1
github.com/skyrocket-qy/erx/erx.go:116.2,117.30 2 1
github.com/skyrocket-qy/erx/erx.go:117.30,119.3 1 1
github.com/skyrocket-qy/erx/erx.go:121.2,121.19 1 1
github.com/skyrocket-qy/erx/erx.go:121.19,123.3 1 0
github.com/skyrocket-qy/erx/erx.go:126.2,129.33 2 1
github.com/skyrocket-qy/erx/erx.go:129.33,130.41 1 1
github.com/skyrocket-qy/erx/erx.go:130.41,132.20 2 1
github.com/skyrocket-qy/erx/erx.go:132.20,134.5 1 1
github.com/skyrocket-qy/erx/erx.go:139.2,139.25 1 1
github.com/skyrocket-qy/erx/erx.go:139.25,141.3 1 1
github.com/skyrocket-qy/erx/erx.go:143.2,143.12 1 1
github.com/skyrocket-qy/erx/type.go:16.33,18.2 1 1
github.com/skyrocket-qy/erx/type.go:20.33,22.2 1 1
github.com/skyrocket-qy/erx/type.go:24.42,25.14 1 1
github.com/skyrocket-qy/erx/type.go:25.14,27.3 1 1
github.com/skyrocket-qy/erx/type.go:29.2,30.10 2 1
