mode: set
github.com/skyrocket-qy/erx/code.go:15.31,17.2 1 1
github.com/skyrocket-qy/erx/env.go:5.39,7.2 1 0
github.com/skyrocket-qy/erx/erx.go:10.43,12.2 1 1
github.com/skyrocket-qy/erx/erx.go:14.56,16.2 1 1
github.com/skyrocket-qy/erx/erx.go:18.43,19.16 1 1
github.com/skyrocket-qy/erx/erx.go:19.16,21.3 1 1
github.com/skyrocket-qy/erx/erx.go:23.2,24.30 2 1
github.com/skyrocket-qy/erx/erx.go:24.30,30.3 1 1
github.com/skyrocket-qy/erx/erx.go:32.2,32.50 1 1
github.com/skyrocket-qy/erx/erx.go:32.50,34.3 1 1
github.com/skyrocket-qy/erx/erx.go:36.2,36.15 1 1
github.com/skyrocket-qy/erx/erx.go:39.45,45.19 2 1
github.com/skyrocket-qy/erx/erx.go:45.19,47.3 1 1
github.com/skyrocket-qy/erx/erx.go:49.2,49.15 1 1
github.com/skyrocket-qy/erx/erx.go:52.58,58.18 2 1
github.com/skyrocket-qy/erx/erx.go:58.18,60.3 1 1
github.com/skyrocket-qy/erx/erx.go:62.2,62.15 1 1
github.com/skyrocket-qy/erx/erx.go:65.65,69.25 3 1
github.com/skyrocket-qy/erx/erx.go:69.25,71.3 1 1
github.com/skyrocket-qy/erx/erx.go:73.2,77.6 3 1
github.com/skyrocket-qy/erx/erx.go:77.6,85.12 3 1
github.com/skyrocket-qy/erx/erx.go:85.12,86.9 1 1
github.com/skyrocket-qy/erx/erx.go:90.2,90.20 1 1
github.com/skyrocket-qy/erx/erx.go:93.32,94.16 1 1
github.com/skyrocket-qy/erx/erx.go:94.16,96.3 1 1
github.com/skyrocket-qy/erx/erx.go:98.2,99.30 2 1
github.com/skyrocket-qy/erx/erx.go:99.30,101.3 1 1
github.com/skyrocket-qy/erx/erx.go:104.2,107.33 2 1
github.com/skyrocket-qy/erx/erx.go:107.33,108.41 1 1
github.com/skyrocket-qy/erx/erx.go:108.41,110.20 2 1
github.com/skyrocket-qy/erx/erx.go:110.20,112.5 1 1
github.com/skyrocket-qy/erx/erx.go:117.2,117.25 1 1
github.com/skyrocket-qy/erx/erx.go:117.25,119.3 1 1
github.com/skyrocket-qy/erx/erx.go:121.2,121.12 1 1
github.com/skyrocket-qy/erx/type.go:16.33,18.2 1 1
github.com/skyrocket-qy/erx/type.go:20.33,22.2 1 1
github.com/skyrocket-qy/erx/type.go:24.42,25.14 1 1
github.com/skyrocket-qy/erx/type.go:25.14,27.3 1 1
github.com/skyrocket-qy/erx/type.go:29.2,30.10 2 1
